<?xml version="1.0" encoding="UTF-8"?>
<testsuite xmlns:xsi="http://www.w3.org/2001/XMLSchema-instance" xsi:schemaLocation="https://maven.apache.org/surefire/maven-surefire-plugin/xsd/surefire-test-report.xsd" name="com.mycompany.groupfinal.UserDatabaseTest" time="0.074" tests="8" errors="0" skipped="0" failures="0">
  <properties>
[...]
</properties>
  <testcase name="testGetAdmin" classname="com.mycompany.groupfinal.UserDatabaseTest" time="0.031"/>
  <testcase name="testLogin" classname="com.mycompany.groupfinal.UserDatabaseTest" time="0.001"/>
  <testcase name="testRegisterUser" classname="com.mycompany.groupfinal.UserDatabaseTest" time="0.002"/>
  <testcase name="testAdminisFull" classname="com.mycompany.groupfinal.UserDatabaseTest" time="0.003"/>
  <testcase name="testGetUser" classname="com.mycompany.groupfinal.UserDatabaseTest" time="0.002"/>
  <testcase name="testRegisterAdmin" classname="com.mycompany.groupfinal.UserDatabaseTest" time="0.002"/>
  <testcase name="testUserisFull" classname="com.mycompany.groupfinal.UserDatabaseTest" time="0.001"/>
  <testcase name="testLogout" classname="com.mycompany.groupfinal.UserDatabaseTest" time="0.001"/>
</testsuite>